Using pre-set license
Built from '2020.3/staging' branch; Version is '2020.3.45f1 (660cd1701bd5) revision 6687953'; Using compiler version '192528614'; Build Type 'Release'
OS: 'Windows 10  (10.0.19044) 64bit Professional' Language: 'en' Physical Memory: 24509 MB
BatchMode: 1, IsHumanControllingUs: 0, StartBugReporterOnCrash: 0, Is64bit: 1, IsPro: 0

COMMAND LINE ARGUMENTS:
E:\Program Files (x86)\Unity\2020.3.45f1\Editor\Unity.exe
-adb2
-batchMode
-noUpm
-name
AssetImportWorker0
-projectPath
E:/Unity Projects/FINALE_GAMENETWORKING
-logFile
Logs/AssetImportWorker0.log
-srvPort
54797
Successfully changed project path to: E:/Unity Projects/FINALE_GAMENETWORKING
E:/Unity Projects/FINALE_GAMENETWORKING
Using Asset Import Pipeline V2.
Player connection [22492] Host "[IP] 192.168.100.7 [Port] 3221442784 [Flags] 2 [Guid] 3888576810 [EditorId] 3888576810 [Version] 1048832 [Id] WindowsEditor(7,Shawarat) [Debug] 1 [PackageName] WindowsEditor [ProjectName] Editor" joined multi-casting on [225.0.0.222:54997]...

Player connection [22492] Host "[IP] 192.168.100.7 [Port] 3221442784 [Flags] 2 [Guid] 3888576810 [EditorId] 3888576810 [Version] 1048832 [Id] WindowsEditor(7,Shawarat) [Debug] 1 [PackageName] WindowsEditor [ProjectName] Editor" joined alternative multi-casting on [225.0.0.222:34997]...

Refreshing native plugins compatible for Editor in 297.21 ms, found 3 plugins.
Preloading 0 native plugins for Editor in 0.00 ms.
Initialize engine version: 2020.3.45f1 (660cd1701bd5)
[Subsystems] Discovering subsystems at path E:/Program Files (x86)/Unity/2020.3.45f1/Editor/Data/Resources/UnitySubsystems
[Subsystems] Discovering subsystems at path E:/Unity Projects/FINALE_GAMENETWORKING/Assets
GfxDevice: creating device client; threaded=0
Direct3D:
    Version:  Direct3D 11.0 [level 11.1]
    Renderer: NVIDIA GeForce GTX 1070 (ID=0x1b81)
    Vendor:   
    VRAM:     8081 MB
    Driver:   31.0.15.3168
Initialize mono
Mono path[0] = 'E:/Program Files (x86)/Unity/2020.3.45f1/Editor/Data/Managed'
Mono path[1] = 'E:/Program Files (x86)/Unity/2020.3.45f1/Editor/Data/MonoBleedingEdge/lib/mono/unityjit'
Mono config path = 'E:/Program Files (x86)/Unity/2020.3.45f1/Editor/Data/MonoBleedingEdge/etc'
Using monoOptions --debugger-agent=transport=dt_socket,embedding=1,server=y,suspend=n,address=127.0.0.1:56416
Begin MonoManager ReloadAssembly
Registering precompiled unity dll's ...
Register platform support module: E:/Program Files (x86)/Unity/2020.3.45f1/Editor/Data/PlaybackEngines/WindowsStandaloneSupport/UnityEditor.WindowsStandalone.Extensions.dll
Registered in 0.001796 seconds.
Native extension for WindowsStandalone target not found
Refreshing native plugins compatible for Editor in 242.39 ms, found 3 plugins.
Preloading 0 native plugins for Editor in 0.00 ms.
Mono: successfully reloaded assembly
- Completed reload, in  1.216 seconds
Domain Reload Profiling:
	ReloadAssembly (1216ms)
		BeginReloadAssembly (126ms)
			ExecutionOrderSort (0ms)
			DisableScriptedObjects (0ms)
			BackupInstance (0ms)
			ReleaseScriptingObjects (0ms)
			CreateAndSetChildDomain (2ms)
		EndReloadAssembly (986ms)
			LoadAssemblies (124ms)
			RebuildTransferFunctionScriptingTraits (0ms)
			SetupTypeCache (243ms)
			ReleaseScriptCaches (0ms)
			RebuildScriptCaches (58ms)
			SetupLoadedEditorAssemblies (527ms)
				LogAssemblyErrors (0ms)
				InitializePlatformSupportModulesInManaged (8ms)
				SetLoadedEditorAssemblies (0ms)
				RefreshPlugins (243ms)
				BeforeProcessingInitializeOnLoad (23ms)
				ProcessInitializeOnLoadAttributes (193ms)
				ProcessInitializeOnLoadMethodAttributes (60ms)
				AfterProcessingInitializeOnLoad (0ms)
				EditorAssembliesLoaded (0ms)
			ExecutionOrderSort2 (0ms)
			AwakeInstancesAfterBackupRestoration (0ms)
Platform modules already initialized, skipping
Registering precompiled user dll's ...
Registered in 0.021138 seconds.
Begin MonoManager ReloadAssembly
Symbol file LoadedFromMemory doesn't match image E:\Unity Projects\FINALE_GAMENETWORKING\Library\PackageCache\com.unity.visualscripting@1.6.1\Editor\VisualScripting.Core\Dependencies\YamlDotNet\Unity.VisualScripting.YamlDotNet.dll
Symbol file LoadedFromMemory doesn't match image E:\Unity Projects\FINALE_GAMENETWORKING\Library\PackageCache\com.unity.visualscripting@1.6.1\Editor\VisualScripting.Core\Dependencies\DotNetZip\Unity.VisualScripting.IonicZip.dll
Native extension for WindowsStandalone target not found
Refreshing native plugins compatible for Editor in 259.74 ms, found 3 plugins.
Preloading 0 native plugins for Editor in 0.00 ms.
Mono: successfully reloaded assembly
- Completed reload, in  3.288 seconds
Domain Reload Profiling:
	ReloadAssembly (3289ms)
		BeginReloadAssembly (287ms)
			ExecutionOrderSort (0ms)
			DisableScriptedObjects (9ms)
			BackupInstance (0ms)
			ReleaseScriptingObjects (0ms)
			CreateAndSetChildDomain (29ms)
		EndReloadAssembly (2882ms)
			LoadAssemblies (302ms)
			RebuildTransferFunctionScriptingTraits (0ms)
			SetupTypeCache (1043ms)
			ReleaseScriptCaches (1ms)
			RebuildScriptCaches (138ms)
			SetupLoadedEditorAssemblies (1259ms)
				LogAssemblyErrors (0ms)
				InitializePlatformSupportModulesInManaged (6ms)
				SetLoadedEditorAssemblies (0ms)
				RefreshPlugins (260ms)
				BeforeProcessingInitializeOnLoad (201ms)
				ProcessInitializeOnLoadAttributes (768ms)
				ProcessInitializeOnLoadMethodAttributes (20ms)
				AfterProcessingInitializeOnLoad (4ms)
				EditorAssembliesLoaded (0ms)
			ExecutionOrderSort2 (0ms)
			AwakeInstancesAfterBackupRestoration (4ms)
Platform modules already initialized, skipping
========================================================================
Worker process is ready to serve import requests
Launched and connected shader compiler UnityShaderCompiler.exe after 0.14 seconds
Refreshing native plugins compatible for Editor in 1.59 ms, found 3 plugins.
Preloading 0 native plugins for Editor in 0.00 ms.
Unloading 4732 Unused Serialized files (Serialized files now loaded: 0)
System memory in use before: 189.3 MB.
System memory in use after: 189.2 MB.

Unloading 40 unused Assets to reduce memory usage. Loaded Objects now: 5157.
Total: 4.877800 ms (FindLiveObjects: 0.394500 ms CreateObjectMapping: 0.360200 ms MarkObjects: 3.839200 ms  DeleteObjects: 0.282800 ms)

AssetImportParameters requested are different than current active one (requested -> active):
  custom:framework-win-MediaFoundation: 216162199b28c13a410421893ffa2e32 -> 
  custom:video-decoder-ogg-theora: a1e56fd34408186e4bbccfd4996cb3dc -> 
  custom:container-muxer-webm: aa71ff27fc2769a1b78a27578f13a17b -> 
  custom:container-demuxer-webm: 4f35f7cbe854078d1ac9338744f61a02 -> 
  custom:container-demuxer-ogg: 62fdf1f143b41e24485cea50d1cbac27 -> 
  custom:video-encoder-webm-vp8: eb34c28f22e8b96e1ab97ce403110664 -> 
  custom:video-decoder-webm-vp8: 9c59270c3fd7afecdb556c50c9e8de78 -> 
  custom:audio-decoder-ogg-vorbis: bf7c407c2cedff20999df2af8eb42d56 -> 
  custom:audio-encoder-webm-vorbis: bf7c407c2cedff20999df2af8eb42d56 -> 
========================================================================
Received Import Request.
  path: Assets/Materials/Gray.mat
  artifactKey: Guid(375706827b60bed4b95e590b915c07cb) Importer(815301076,1909f56bfc062723c751e8b465ee728b)
Start importing Assets/Materials/Gray.mat using Guid(375706827b60bed4b95e590b915c07cb) Importer(815301076,1909f56bfc062723c751e8b465ee728b)  -> (artifact id: '7ee1684aac677acb740bed247b4e0284') in 0.389236 seconds 
========================================================================
Received Import Request.
  Time since last request: 0.000301 seconds.
  path: Assets/Materials/ChainSaw (3).prefab
  artifactKey: Guid(391265d28e7fdaf4b858eed2c6d6d999) Importer(815301076,1909f56bfc062723c751e8b465ee728b)
Start importing Assets/Materials/ChainSaw (3).prefab using Guid(391265d28e7fdaf4b858eed2c6d6d999) Importer(815301076,1909f56bfc062723c751e8b465ee728b)  -> (artifact id: '638f904a3f5ccf30033b8c69864ef390') in 0.048154 seconds 
========================================================================
Received Import Request.
  Time since last request: 0.000269 seconds.
  path: Assets/Materials/Floor.mat
  artifactKey: Guid(bb636024fcb484b4fbda58313a835ffd) Importer(815301076,1909f56bfc062723c751e8b465ee728b)
Start importing Assets/Materials/Floor.mat using Guid(bb636024fcb484b4fbda58313a835ffd) Importer(815301076,1909f56bfc062723c751e8b465ee728b)  -> (artifact id: 'df7e866c35220936814d27a3ea7f6078') in 0.594518 seconds 
========================================================================
Received Import Request.
  Time since last request: 0.000273 seconds.
  path: Assets/Materials/Wood.mat
  artifactKey: Guid(58d103f1652c02242bdf11bed39fdcdd) Importer(815301076,1909f56bfc062723c751e8b465ee728b)
Start importing Assets/Materials/Wood.mat using Guid(58d103f1652c02242bdf11bed39fdcdd) Importer(815301076,1909f56bfc062723c751e8b465ee728b)  -> (artifact id: '7bd628b07b93d78c9254bc955d079ef0') in 0.029259 seconds 
========================================================================
Received Import Request.
  Time since last request: 0.000237 seconds.
  path: Assets/Materials/Skybox_Mat.mat
  artifactKey: Guid(0ffaa0b7117ba8c47a9d05ae701d4b4d) Importer(815301076,1909f56bfc062723c751e8b465ee728b)
Start importing Assets/Materials/Skybox_Mat.mat using Guid(0ffaa0b7117ba8c47a9d05ae701d4b4d) Importer(815301076,1909f56bfc062723c751e8b465ee728b)  -> (artifact id: '4d54ab3375f41efad00566dcae11def2') in 0.033903 seconds 
========================================================================
Received Import Request.
  Time since last request: 0.000308 seconds.
  path: Assets/Materials/Gold.mat
  artifactKey: Guid(534011c7b493de3438aed08632be74e2) Importer(815301076,1909f56bfc062723c751e8b465ee728b)
Start importing Assets/Materials/Gold.mat using Guid(534011c7b493de3438aed08632be74e2) Importer(815301076,1909f56bfc062723c751e8b465ee728b)  -> (artifact id: '0fb6ad597e72a1076cadb2c465f1ee6f') in 0.033825 seconds 
========================================================================
Received Import Request.
  Time since last request: 0.000389 seconds.
  path: Assets/Materials/Stud_Mat.mat
  artifactKey: Guid(26abf811a76a48a408e983b6576fb50a) Importer(815301076,1909f56bfc062723c751e8b465ee728b)
Start importing Assets/Materials/Stud_Mat.mat using Guid(26abf811a76a48a408e983b6576fb50a) Importer(815301076,1909f56bfc062723c751e8b465ee728b)  -> (artifact id: 'd4f536b4308384a3f248650ffc4b42df') in 0.030202 seconds 
========================================================================
Received Import Request.
  Time since last request: 0.000338 seconds.
  path: Assets/Materials/Pink.mat
  artifactKey: Guid(d0d35eae85efc8741affd3ddf719b833) Importer(815301076,1909f56bfc062723c751e8b465ee728b)
Start importing Assets/Materials/Pink.mat using Guid(d0d35eae85efc8741affd3ddf719b833) Importer(815301076,1909f56bfc062723c751e8b465ee728b)  -> (artifact id: '0d0e9201860465b6887c58b63306fbcc') in 0.023112 seconds 
========================================================================
Received Import Request.
  Time since last request: 0.000245 seconds.
  path: Assets/Materials/CoreSaw.mat
  artifactKey: Guid(568107abdce62f441b2aad32b1e3182d) Importer(815301076,1909f56bfc062723c751e8b465ee728b)
Start importing Assets/Materials/CoreSaw.mat using Guid(568107abdce62f441b2aad32b1e3182d) Importer(815301076,1909f56bfc062723c751e8b465ee728b)  -> (artifact id: '837f164586a2b6aa7532d36dfb9b1cff') in 0.025582 seconds 
========================================================================
Received Import Request.
  Time since last request: 0.000235 seconds.
  path: Assets/Materials/Orange.mat
  artifactKey: Guid(c64ad42e0380ded488af75ec029ac51f) Importer(815301076,1909f56bfc062723c751e8b465ee728b)
Start importing Assets/Materials/Orange.mat using Guid(c64ad42e0380ded488af75ec029ac51f) Importer(815301076,1909f56bfc062723c751e8b465ee728b)  -> (artifact id: '91b9b1d0b01edff934d5e79eada995bf') in 0.030670 seconds 
========================================================================
Received Import Request.
  Time since last request: 89.042046 seconds.
  path: Assets/PendulumObstacle 1.prefab
  artifactKey: Guid(1a7754ffb4c6dd04793e11d31096fe36) Importer(815301076,1909f56bfc062723c751e8b465ee728b)
Start importing Assets/PendulumObstacle 1.prefab using Guid(1a7754ffb4c6dd04793e11d31096fe36) Importer(815301076,1909f56bfc062723c751e8b465ee728b)  -> (artifact id: 'f23c4e24d49198175897891d78d16169') in 0.023943 seconds 
========================================================================
Received Import Request.
  Time since last request: 3.809821 seconds.
  path: Assets/Scenes/Gameplay.unity
  artifactKey: Guid(7af5dd68cee209b4e8d2db28ba9228a7) Importer(815301076,1909f56bfc062723c751e8b465ee728b)
Start importing Assets/Scenes/Gameplay.unity using Guid(7af5dd68cee209b4e8d2db28ba9228a7) Importer(815301076,1909f56bfc062723c751e8b465ee728b)  -> (artifact id: '924ddb1d62b56b7c19a386a9ed37e1ea') in 0.014212 seconds 
========================================================================
Received Prepare
Registering precompiled user dll's ...
Registered in 0.021649 seconds.
Begin MonoManager ReloadAssembly
Symbol file LoadedFromMemory doesn't match image E:\Unity Projects\FINALE_GAMENETWORKING\Library\PackageCache\com.unity.visualscripting@1.6.1\Editor\VisualScripting.Core\Dependencies\YamlDotNet\Unity.VisualScripting.YamlDotNet.dll
Symbol file LoadedFromMemory doesn't match image E:\Unity Projects\FINALE_GAMENETWORKING\Library\PackageCache\com.unity.visualscripting@1.6.1\Editor\VisualScripting.Core\Dependencies\DotNetZip\Unity.VisualScripting.IonicZip.dll
Native extension for WindowsStandalone target not found
Refreshing native plugins compatible for Editor in 1.65 ms, found 3 plugins.
Preloading 0 native plugins for Editor in 0.00 ms.
Mono: successfully reloaded assembly
- Completed reload, in  3.108 seconds
Domain Reload Profiling:
	ReloadAssembly (3109ms)
		BeginReloadAssembly (293ms)
			ExecutionOrderSort (0ms)
			DisableScriptedObjects (12ms)
			BackupInstance (0ms)
			ReleaseScriptingObjects (0ms)
			CreateAndSetChildDomain (93ms)
		EndReloadAssembly (2683ms)
			LoadAssemblies (269ms)
			RebuildTransferFunctionScriptingTraits (0ms)
			SetupTypeCache (938ms)
			ReleaseScriptCaches (2ms)
			RebuildScriptCaches (112ms)
			SetupLoadedEditorAssemblies (1138ms)
				LogAssemblyErrors (0ms)
				InitializePlatformSupportModulesInManaged (7ms)
				SetLoadedEditorAssemblies (1ms)
				RefreshPlugins (2ms)
				BeforeProcessingInitializeOnLoad (205ms)
				ProcessInitializeOnLoadAttributes (897ms)
				ProcessInitializeOnLoadMethodAttributes (21ms)
				AfterProcessingInitializeOnLoad (5ms)
				EditorAssembliesLoaded (0ms)
			ExecutionOrderSort2 (0ms)
			AwakeInstancesAfterBackupRestoration (23ms)
Platform modules already initialized, skipping
Refreshing native plugins compatible for Editor in 2.85 ms, found 3 plugins.
Preloading 0 native plugins for Editor in 0.00 ms.
Unloading 4613 Unused Serialized files (Serialized files now loaded: 0)
System memory in use before: 187.4 MB.
System memory in use after: 187.4 MB.

Unloading 34 unused Assets to reduce memory usage. Loaded Objects now: 5243.
Total: 8.677500 ms (FindLiveObjects: 1.894300 ms CreateObjectMapping: 0.787500 ms MarkObjects: 5.688100 ms  DeleteObjects: 0.306600 ms)

AssetImportParameters requested are different than current active one (requested -> active):
  custom:framework-win-MediaFoundation: 216162199b28c13a410421893ffa2e32 -> 
  custom:video-decoder-ogg-theora: a1e56fd34408186e4bbccfd4996cb3dc -> 
  custom:container-muxer-webm: aa71ff27fc2769a1b78a27578f13a17b -> 
  custom:container-demuxer-webm: 4f35f7cbe854078d1ac9338744f61a02 -> 
  custom:container-demuxer-ogg: 62fdf1f143b41e24485cea50d1cbac27 -> 
  custom:video-encoder-webm-vp8: eb34c28f22e8b96e1ab97ce403110664 -> 
  custom:video-decoder-webm-vp8: 9c59270c3fd7afecdb556c50c9e8de78 -> 
  custom:audio-decoder-ogg-vorbis: bf7c407c2cedff20999df2af8eb42d56 -> 
  custom:audio-encoder-webm-vorbis: bf7c407c2cedff20999df2af8eb42d56 -> 
========================================================================
Received Import Request.
  Time since last request: 43.851592 seconds.
  path: Assets/Prefabs/coinbase.prefab
  artifactKey: Guid(8412e37bdb7fd7346b604c19c889feaa) Importer(815301076,1909f56bfc062723c751e8b465ee728b)
Start importing Assets/Prefabs/coinbase.prefab using Guid(8412e37bdb7fd7346b604c19c889feaa) Importer(815301076,1909f56bfc062723c751e8b465ee728b)  -> (artifact id: 'fbfa84842275b8905461b476118d87a7') in 0.229134 seconds 
========================================================================
Received Import Request.
  Time since last request: 0.000289 seconds.
  path: Assets/Prefabs/LRSpinningObstacles.prefab
  artifactKey: Guid(edd0e715e94567d458b6e89d152590bc) Importer(815301076,1909f56bfc062723c751e8b465ee728b)
Start importing Assets/Prefabs/LRSpinningObstacles.prefab using Guid(edd0e715e94567d458b6e89d152590bc) Importer(815301076,1909f56bfc062723c751e8b465ee728b)  -> (artifact id: '9a74a151ac2317b92b353d096c1f830e') in 0.012745 seconds 
========================================================================
Received Import Request.
  Time since last request: 0.000412 seconds.
  path: Assets/Prefabs/Obstacle_4.prefab
  artifactKey: Guid(c21a7a2dabed8c741b3acce0773cf0bd) Importer(815301076,1909f56bfc062723c751e8b465ee728b)
Start importing Assets/Prefabs/Obstacle_4.prefab using Guid(c21a7a2dabed8c741b3acce0773cf0bd) Importer(815301076,1909f56bfc062723c751e8b465ee728b)  -> (artifact id: '52c0a081725855ac1a0f8cc845a6cd5d') in 0.011955 seconds 
========================================================================
Received Import Request.
  Time since last request: 0.000337 seconds.
  path: Assets/Prefabs/Obstacle_Wall.prefab
  artifactKey: Guid(8b9bf26a75fdce740ae5d02d5ef6d77c) Importer(815301076,1909f56bfc062723c751e8b465ee728b)
Start importing Assets/Prefabs/Obstacle_Wall.prefab using Guid(8b9bf26a75fdce740ae5d02d5ef6d77c) Importer(815301076,1909f56bfc062723c751e8b465ee728b)  -> (artifact id: '2ea18f53e24990798e3d9af19061dc16') in 0.022102 seconds 
========================================================================
Received Import Request.
  Time since last request: 0.000373 seconds.
  path: Assets/Prefabs/Obstacle_3.prefab
  artifactKey: Guid(07485e554f4d3014f818b149b0806532) Importer(815301076,1909f56bfc062723c751e8b465ee728b)
Start importing Assets/Prefabs/Obstacle_3.prefab using Guid(07485e554f4d3014f818b149b0806532) Importer(815301076,1909f56bfc062723c751e8b465ee728b)  -> (artifact id: '1f11f8032afeb481dd7b772459aa763d') in 0.012742 seconds 
========================================================================
Received Import Request.
  Time since last request: 0.000303 seconds.
  path: Assets/Prefabs/Obstacle_5.prefab
  artifactKey: Guid(1180d96e9c6e413408a547f07845d2bb) Importer(815301076,1909f56bfc062723c751e8b465ee728b)
Start importing Assets/Prefabs/Obstacle_5.prefab using Guid(1180d96e9c6e413408a547f07845d2bb) Importer(815301076,1909f56bfc062723c751e8b465ee728b)  -> (artifact id: '247eb46bc82a07949b771033af8304bd') in 0.011955 seconds 
========================================================================
Received Import Request.
  Time since last request: 0.000375 seconds.
  path: Assets/Prefabs/Obstacle_6.prefab
  artifactKey: Guid(763d4476e8074d640b043eb7c3452f07) Importer(815301076,1909f56bfc062723c751e8b465ee728b)
Start importing Assets/Prefabs/Obstacle_6.prefab using Guid(763d4476e8074d640b043eb7c3452f07) Importer(815301076,1909f56bfc062723c751e8b465ee728b)  -> (artifact id: 'cc2a09bc321420b56a10bfd607dd3f1b') in 0.012792 seconds 
========================================================================
Received Import Request.
  Time since last request: 0.000306 seconds.
  path: Assets/Prefabs/GroundTile.prefab
  artifactKey: Guid(ec0f175dccce7494fa10893ea1359d10) Importer(815301076,1909f56bfc062723c751e8b465ee728b)
Start importing Assets/Prefabs/GroundTile.prefab using Guid(ec0f175dccce7494fa10893ea1359d10) Importer(815301076,1909f56bfc062723c751e8b465ee728b)  -> (artifact id: '6f7fc86f6dc1a11e43fd1fc5b0661880') in 0.028773 seconds 
========================================================================
Received Import Request.
  Time since last request: 0.000259 seconds.
  path: Assets/Prefabs/Obstacle_1.prefab
  artifactKey: Guid(962b7f5054007284097d8650c41f4eb9) Importer(815301076,1909f56bfc062723c751e8b465ee728b)
Start importing Assets/Prefabs/Obstacle_1.prefab using Guid(962b7f5054007284097d8650c41f4eb9) Importer(815301076,1909f56bfc062723c751e8b465ee728b)  -> (artifact id: '2388a0d5bc57d0712f37cbc707c18afa') in 0.014481 seconds 
========================================================================
Received Import Request.
  Time since last request: 20.117684 seconds.
  path: Assets/Presets
  artifactKey: Guid(558255460b74ec04fa70b5570e9327bd) Importer(815301076,1909f56bfc062723c751e8b465ee728b)
Start importing Assets/Presets using Guid(558255460b74ec04fa70b5570e9327bd) Importer(815301076,1909f56bfc062723c751e8b465ee728b)  -> (artifact id: '99e4144fdf7d1a139d389fda8ba1dbbd') in 0.008814 seconds 
========================================================================
Received Import Request.
  Time since last request: 29.939342 seconds.
  path: Assets/Prefabs/GroundTile.prefab
  artifactKey: Guid(ec0f175dccce7494fa10893ea1359d10) Importer(815301076,1909f56bfc062723c751e8b465ee728b)
Start importing Assets/Prefabs/GroundTile.prefab using Guid(ec0f175dccce7494fa10893ea1359d10) Importer(815301076,1909f56bfc062723c751e8b465ee728b)  -> (artifact id: 'b7ea953905e5f54fe3cde6fa861817bb') in 0.017279 seconds 
========================================================================
Received Import Request.
  Time since last request: 1.112222 seconds.
  path: Assets/Prefabs/GroundTile.prefab
  artifactKey: Guid(ec0f175dccce7494fa10893ea1359d10) Importer(815301076,1909f56bfc062723c751e8b465ee728b)
Start importing Assets/Prefabs/GroundTile.prefab using Guid(ec0f175dccce7494fa10893ea1359d10) Importer(815301076,1909f56bfc062723c751e8b465ee728b)  -> (artifact id: '954c8b7d0e4d75f398e87e4a5e58f7e2') in 0.018947 seconds 
========================================================================
Received Import Request.
  Time since last request: 0.983645 seconds.
  path: Assets/Prefabs/GroundTile.prefab
  artifactKey: Guid(ec0f175dccce7494fa10893ea1359d10) Importer(815301076,1909f56bfc062723c751e8b465ee728b)
Start importing Assets/Prefabs/GroundTile.prefab using Guid(ec0f175dccce7494fa10893ea1359d10) Importer(815301076,1909f56bfc062723c751e8b465ee728b)  -> (artifact id: '62b3f6a7de3481c6222cd9bb5b682d0d') in 0.019184 seconds 
========================================================================
Received Import Request.
  Time since last request: 3.657448 seconds.
  path: Assets/Prefabs/GroundTile.prefab
  artifactKey: Guid(ec0f175dccce7494fa10893ea1359d10) Importer(815301076,1909f56bfc062723c751e8b465ee728b)
Start importing Assets/Prefabs/GroundTile.prefab using Guid(ec0f175dccce7494fa10893ea1359d10) Importer(815301076,1909f56bfc062723c751e8b465ee728b)  -> (artifact id: 'd914a61bd3104b9effa11824576671ee') in 0.028819 seconds 
========================================================================
Received Import Request.
  Time since last request: 13.805607 seconds.
  path: Assets/Prefabs/GroundTile.prefab
  artifactKey: Guid(ec0f175dccce7494fa10893ea1359d10) Importer(815301076,1909f56bfc062723c751e8b465ee728b)
Start importing Assets/Prefabs/GroundTile.prefab using Guid(ec0f175dccce7494fa10893ea1359d10) Importer(815301076,1909f56bfc062723c751e8b465ee728b)  -> (artifact id: '467462c8175331327a1f34f8efefa6bd') in 0.021438 seconds 
========================================================================
Received Import Request.
  Time since last request: 7.247064 seconds.
  path: Assets/Prefabs/GroundTile.prefab
  artifactKey: Guid(ec0f175dccce7494fa10893ea1359d10) Importer(815301076,1909f56bfc062723c751e8b465ee728b)
Start importing Assets/Prefabs/GroundTile.prefab using Guid(ec0f175dccce7494fa10893ea1359d10) Importer(815301076,1909f56bfc062723c751e8b465ee728b)  -> (artifact id: '348721ec5cbabd04d8753335ebe7eb91') in 0.025951 seconds 
========================================================================
Received Import Request.
  Time since last request: 12.775449 seconds.
  path: Assets/Prefabs/GroundTile.prefab
  artifactKey: Guid(ec0f175dccce7494fa10893ea1359d10) Importer(815301076,1909f56bfc062723c751e8b465ee728b)
Start importing Assets/Prefabs/GroundTile.prefab using Guid(ec0f175dccce7494fa10893ea1359d10) Importer(815301076,1909f56bfc062723c751e8b465ee728b)  -> (artifact id: '0c4f63ca4b0a0913e54f1baaf1450bd6') in 0.026287 seconds 
========================================================================
Received Import Request.
  Time since last request: 3.207146 seconds.
  path: Assets/Prefabs/GroundTile.prefab
  artifactKey: Guid(ec0f175dccce7494fa10893ea1359d10) Importer(815301076,1909f56bfc062723c751e8b465ee728b)
Start importing Assets/Prefabs/GroundTile.prefab using Guid(ec0f175dccce7494fa10893ea1359d10) Importer(815301076,1909f56bfc062723c751e8b465ee728b)  -> (artifact id: '8b49bace9ff0a356ec65425f79582a30') in 0.024228 seconds 
========================================================================
Received Import Request.
  Time since last request: 0.953905 seconds.
  path: Assets/Prefabs/GroundTile.prefab
  artifactKey: Guid(ec0f175dccce7494fa10893ea1359d10) Importer(815301076,1909f56bfc062723c751e8b465ee728b)
Start importing Assets/Prefabs/GroundTile.prefab using Guid(ec0f175dccce7494fa10893ea1359d10) Importer(815301076,1909f56bfc062723c751e8b465ee728b)  -> (artifact id: 'b5f19a331dc31147641257a84f69e688') in 0.028810 seconds 
========================================================================
Received Import Request.
  Time since last request: 3.182231 seconds.
  path: Assets/Prefabs/GroundTile.prefab
  artifactKey: Guid(ec0f175dccce7494fa10893ea1359d10) Importer(815301076,1909f56bfc062723c751e8b465ee728b)
Start importing Assets/Prefabs/GroundTile.prefab using Guid(ec0f175dccce7494fa10893ea1359d10) Importer(815301076,1909f56bfc062723c751e8b465ee728b)  -> (artifact id: '9d79e20060af2ba92201bad12dd400af') in 0.024657 seconds 
========================================================================
Received Import Request.
  Time since last request: 2.398272 seconds.
  path: Assets/Prefabs/GroundTile.prefab
  artifactKey: Guid(ec0f175dccce7494fa10893ea1359d10) Importer(815301076,1909f56bfc062723c751e8b465ee728b)
Start importing Assets/Prefabs/GroundTile.prefab using Guid(ec0f175dccce7494fa10893ea1359d10) Importer(815301076,1909f56bfc062723c751e8b465ee728b)  -> (artifact id: '5e06373f51b5a42a67cc95ff4a96c2b2') in 0.024738 seconds 
========================================================================
Received Import Request.
  Time since last request: 1.382721 seconds.
  path: Assets/Prefabs/GroundTile.prefab
  artifactKey: Guid(ec0f175dccce7494fa10893ea1359d10) Importer(815301076,1909f56bfc062723c751e8b465ee728b)
Start importing Assets/Prefabs/GroundTile.prefab using Guid(ec0f175dccce7494fa10893ea1359d10) Importer(815301076,1909f56bfc062723c751e8b465ee728b)  -> (artifact id: '974f8595a6c3517ea0b731d462c57cad') in 0.030503 seconds 
========================================================================
Received Import Request.
  Time since last request: 4.599049 seconds.
  path: Assets/Prefabs/GroundTile.prefab
  artifactKey: Guid(ec0f175dccce7494fa10893ea1359d10) Importer(815301076,1909f56bfc062723c751e8b465ee728b)
Start importing Assets/Prefabs/GroundTile.prefab using Guid(ec0f175dccce7494fa10893ea1359d10) Importer(815301076,1909f56bfc062723c751e8b465ee728b)  -> (artifact id: '5e63bedb5068afb356237d88a2dec2a0') in 0.026116 seconds 
========================================================================
Received Import Request.
  Time since last request: 3.679250 seconds.
  path: Assets/Prefabs/GroundTile.prefab
  artifactKey: Guid(ec0f175dccce7494fa10893ea1359d10) Importer(815301076,1909f56bfc062723c751e8b465ee728b)
Start importing Assets/Prefabs/GroundTile.prefab using Guid(ec0f175dccce7494fa10893ea1359d10) Importer(815301076,1909f56bfc062723c751e8b465ee728b)  -> (artifact id: '2a48d336e8786d7dbd05f15f23d860a0') in 0.024858 seconds 
========================================================================
Received Import Request.
  Time since last request: 1.429123 seconds.
  path: Assets/Prefabs/GroundTile.prefab
  artifactKey: Guid(ec0f175dccce7494fa10893ea1359d10) Importer(815301076,1909f56bfc062723c751e8b465ee728b)
Start importing Assets/Prefabs/GroundTile.prefab using Guid(ec0f175dccce7494fa10893ea1359d10) Importer(815301076,1909f56bfc062723c751e8b465ee728b)  -> (artifact id: '89406122af39f432878e8440cd2f7234') in 0.021785 seconds 
========================================================================
Received Import Request.
  Time since last request: 2.980743 seconds.
  path: Assets/Prefabs/GroundTile.prefab
  artifactKey: Guid(ec0f175dccce7494fa10893ea1359d10) Importer(815301076,1909f56bfc062723c751e8b465ee728b)
Start importing Assets/Prefabs/GroundTile.prefab using Guid(ec0f175dccce7494fa10893ea1359d10) Importer(815301076,1909f56bfc062723c751e8b465ee728b)  -> (artifact id: '809bb7cc320db82de385010302c45168') in 0.021992 seconds 
========================================================================
Received Import Request.
  Time since last request: 3.410737 seconds.
  path: Assets/Prefabs/GroundTile.prefab
  artifactKey: Guid(ec0f175dccce7494fa10893ea1359d10) Importer(815301076,1909f56bfc062723c751e8b465ee728b)
Start importing Assets/Prefabs/GroundTile.prefab using Guid(ec0f175dccce7494fa10893ea1359d10) Importer(815301076,1909f56bfc062723c751e8b465ee728b)  -> (artifact id: 'ff28c82c70ddb2d928bbd4d5960ac6f6') in 0.027863 seconds 
========================================================================
Received Import Request.
  Time since last request: 7.440092 seconds.
  path: Assets/Prefabs/GroundTile.prefab
  artifactKey: Guid(ec0f175dccce7494fa10893ea1359d10) Importer(815301076,1909f56bfc062723c751e8b465ee728b)
Start importing Assets/Prefabs/GroundTile.prefab using Guid(ec0f175dccce7494fa10893ea1359d10) Importer(815301076,1909f56bfc062723c751e8b465ee728b)  -> (artifact id: '92294f4f112caa44210be7bd4854ef60') in 0.026756 seconds 
========================================================================
Received Import Request.
  Time since last request: 3.273654 seconds.
  path: Assets/Prefabs/GroundTile.prefab
  artifactKey: Guid(ec0f175dccce7494fa10893ea1359d10) Importer(815301076,1909f56bfc062723c751e8b465ee728b)
Start importing Assets/Prefabs/GroundTile.prefab using Guid(ec0f175dccce7494fa10893ea1359d10) Importer(815301076,1909f56bfc062723c751e8b465ee728b)  -> (artifact id: '8e127c26669293c3a4219079c67bc0f0') in 0.026210 seconds 
========================================================================
Received Import Request.
  Time since last request: 3.597263 seconds.
  path: Assets/Prefabs/GroundTile.prefab
  artifactKey: Guid(ec0f175dccce7494fa10893ea1359d10) Importer(815301076,1909f56bfc062723c751e8b465ee728b)
Start importing Assets/Prefabs/GroundTile.prefab using Guid(ec0f175dccce7494fa10893ea1359d10) Importer(815301076,1909f56bfc062723c751e8b465ee728b)  -> (artifact id: '474626bf5f5e50da7524dc38e49e17c4') in 0.023042 seconds 
========================================================================
Received Prepare
Registering precompiled user dll's ...
Registered in 0.017506 seconds.
Begin MonoManager ReloadAssembly
Symbol file LoadedFromMemory doesn't match image E:\Unity Projects\FINALE_GAMENETWORKING\Library\PackageCache\com.unity.visualscripting@1.6.1\Editor\VisualScripting.Core\Dependencies\YamlDotNet\Unity.VisualScripting.YamlDotNet.dll
Symbol file LoadedFromMemory doesn't match image E:\Unity Projects\FINALE_GAMENETWORKING\Library\PackageCache\com.unity.visualscripting@1.6.1\Editor\VisualScripting.Core\Dependencies\DotNetZip\Unity.VisualScripting.IonicZip.dll
Native extension for WindowsStandalone target not found
Refreshing native plugins compatible for Editor in 2.32 ms, found 3 plugins.
Preloading 0 native plugins for Editor in 0.00 ms.
Mono: successfully reloaded assembly
- Completed reload, in  2.350 seconds
Domain Reload Profiling:
	ReloadAssembly (2351ms)
		BeginReloadAssembly (209ms)
			ExecutionOrderSort (0ms)
			DisableScriptedObjects (11ms)
			BackupInstance (0ms)
			ReleaseScriptingObjects (0ms)
			CreateAndSetChildDomain (70ms)
		EndReloadAssembly (2061ms)
			LoadAssemblies (214ms)
			RebuildTransferFunctionScriptingTraits (0ms)
			SetupTypeCache (605ms)
			ReleaseScriptCaches (2ms)
			RebuildScriptCaches (77ms)
			SetupLoadedEditorAssemblies (956ms)
				LogAssemblyErrors (0ms)
				InitializePlatformSupportModulesInManaged (6ms)
				SetLoadedEditorAssemblies (1ms)
				RefreshPlugins (2ms)
				BeforeProcessingInitializeOnLoad (179ms)
				ProcessInitializeOnLoadAttributes (745ms)
				ProcessInitializeOnLoadMethodAttributes (19ms)
				AfterProcessingInitializeOnLoad (4ms)
				EditorAssembliesLoaded (0ms)
			ExecutionOrderSort2 (0ms)
			AwakeInstancesAfterBackupRestoration (21ms)
Platform modules already initialized, skipping
Refreshing native plugins compatible for Editor in 1.53 ms, found 3 plugins.
Preloading 0 native plugins for Editor in 0.00 ms.
Unloading 4613 Unused Serialized files (Serialized files now loaded: 0)
System memory in use before: 187.7 MB.
System memory in use after: 187.7 MB.

Unloading 34 unused Assets to reduce memory usage. Loaded Objects now: 5286.
Total: 5.356900 ms (FindLiveObjects: 0.423400 ms CreateObjectMapping: 0.339000 ms MarkObjects: 4.342500 ms  DeleteObjects: 0.250900 ms)

AssetImportParameters requested are different than current active one (requested -> active):
  custom:framework-win-MediaFoundation: 216162199b28c13a410421893ffa2e32 -> 
  custom:video-decoder-ogg-theora: a1e56fd34408186e4bbccfd4996cb3dc -> 
  custom:container-muxer-webm: aa71ff27fc2769a1b78a27578f13a17b -> 
  custom:container-demuxer-webm: 4f35f7cbe854078d1ac9338744f61a02 -> 
  custom:container-demuxer-ogg: 62fdf1f143b41e24485cea50d1cbac27 -> 
  custom:video-encoder-webm-vp8: eb34c28f22e8b96e1ab97ce403110664 -> 
  custom:video-decoder-webm-vp8: 9c59270c3fd7afecdb556c50c9e8de78 -> 
  custom:audio-decoder-ogg-vorbis: bf7c407c2cedff20999df2af8eb42d56 -> 
  custom:audio-encoder-webm-vorbis: bf7c407c2cedff20999df2af8eb42d56 -> 
========================================================================
Received Prepare
Registering precompiled user dll's ...
Registered in 0.020125 seconds.
Begin MonoManager ReloadAssembly
Symbol file LoadedFromMemory doesn't match image E:\Unity Projects\FINALE_GAMENETWORKING\Library\PackageCache\com.unity.visualscripting@1.6.1\Editor\VisualScripting.Core\Dependencies\YamlDotNet\Unity.VisualScripting.YamlDotNet.dll
Symbol file LoadedFromMemory doesn't match image E:\Unity Projects\FINALE_GAMENETWORKING\Library\PackageCache\com.unity.visualscripting@1.6.1\Editor\VisualScripting.Core\Dependencies\DotNetZip\Unity.VisualScripting.IonicZip.dll
Native extension for WindowsStandalone target not found
Refreshing native plugins compatible for Editor in 1.72 ms, found 3 plugins.
Preloading 0 native plugins for Editor in 0.00 ms.
Mono: successfully reloaded assembly
- Completed reload, in  3.217 seconds
Domain Reload Profiling:
	ReloadAssembly (3219ms)
		BeginReloadAssembly (280ms)
			ExecutionOrderSort (0ms)
			DisableScriptedObjects (10ms)
			BackupInstance (0ms)
			ReleaseScriptingObjects (0ms)
			CreateAndSetChildDomain (94ms)
		EndReloadAssembly (2817ms)
			LoadAssemblies (291ms)
			RebuildTransferFunctionScriptingTraits (0ms)
			SetupTypeCache (812ms)
			ReleaseScriptCaches (2ms)
			RebuildScriptCaches (83ms)
			SetupLoadedEditorAssemblies (1250ms)
				LogAssemblyErrors (0ms)
				InitializePlatformSupportModulesInManaged (17ms)
				SetLoadedEditorAssemblies (1ms)
				RefreshPlugins (2ms)
				BeforeProcessingInitializeOnLoad (197ms)
				ProcessInitializeOnLoadAttributes (1009ms)
				ProcessInitializeOnLoadMethodAttributes (18ms)
				AfterProcessingInitializeOnLoad (5ms)
				EditorAssembliesLoaded (0ms)
			ExecutionOrderSort2 (0ms)
			AwakeInstancesAfterBackupRestoration (24ms)
Platform modules already initialized, skipping
Refreshing native plugins compatible for Editor in 2.48 ms, found 3 plugins.
Preloading 0 native plugins for Editor in 0.00 ms.
Unloading 4613 Unused Serialized files (Serialized files now loaded: 0)
System memory in use before: 187.7 MB.
System memory in use after: 187.7 MB.

Unloading 34 unused Assets to reduce memory usage. Loaded Objects now: 5291.
Total: 6.569900 ms (FindLiveObjects: 0.604000 ms CreateObjectMapping: 0.455400 ms MarkObjects: 4.987200 ms  DeleteObjects: 0.521900 ms)

AssetImportParameters requested are different than current active one (requested -> active):
  custom:framework-win-MediaFoundation: 216162199b28c13a410421893ffa2e32 -> 
  custom:video-decoder-ogg-theora: a1e56fd34408186e4bbccfd4996cb3dc -> 
  custom:container-muxer-webm: aa71ff27fc2769a1b78a27578f13a17b -> 
  custom:container-demuxer-webm: 4f35f7cbe854078d1ac9338744f61a02 -> 
  custom:container-demuxer-ogg: 62fdf1f143b41e24485cea50d1cbac27 -> 
  custom:video-encoder-webm-vp8: eb34c28f22e8b96e1ab97ce403110664 -> 
  custom:video-decoder-webm-vp8: 9c59270c3fd7afecdb556c50c9e8de78 -> 
  custom:audio-decoder-ogg-vorbis: bf7c407c2cedff20999df2af8eb42d56 -> 
  custom:audio-encoder-webm-vorbis: bf7c407c2cedff20999df2af8eb42d56 -> 
========================================================================
Received Import Request.
  Time since last request: 1238.060812 seconds.
  path: Assets/Prefabs/GroundTile.prefab
  artifactKey: Guid(ec0f175dccce7494fa10893ea1359d10) Importer(815301076,1909f56bfc062723c751e8b465ee728b)
Start importing Assets/Prefabs/GroundTile.prefab using Guid(ec0f175dccce7494fa10893ea1359d10) Importer(815301076,1909f56bfc062723c751e8b465ee728b)  -> (artifact id: '7eb19dd4b0b964273fdd99a47a3914ae') in 0.238786 seconds 
========================================================================
Received Import Request.
  Time since last request: 16.285793 seconds.
  path: Assets/Prefabs/GroundTile.prefab
  artifactKey: Guid(ec0f175dccce7494fa10893ea1359d10) Importer(815301076,1909f56bfc062723c751e8b465ee728b)
Start importing Assets/Prefabs/GroundTile.prefab using Guid(ec0f175dccce7494fa10893ea1359d10) Importer(815301076,1909f56bfc062723c751e8b465ee728b)  -> (artifact id: '23f8740e55b3e0f3d898580e257e888e') in 0.021270 seconds 
========================================================================
Received Import Request.
  Time since last request: 0.000337 seconds.
  path: Assets/Prefabs/TestingObstacle.prefab
  artifactKey: Guid(ba1726e82e39570429e15d24af05aba7) Importer(815301076,1909f56bfc062723c751e8b465ee728b)
Start importing Assets/Prefabs/TestingObstacle.prefab using Guid(ba1726e82e39570429e15d24af05aba7) Importer(815301076,1909f56bfc062723c751e8b465ee728b)  -> (artifact id: 'ff2e78ff0a44afc8c1f27493724d64b4') in 0.027316 seconds 
========================================================================
Received Import Request.
  Time since last request: 286.779193 seconds.
  path: Assets/Scripts/LogInSystem/PlayerCurrency.cs
  artifactKey: Guid(be5c7e77df6a8654b80c6a2243b57a0f) Importer(815301076,1909f56bfc062723c751e8b465ee728b)
Start importing Assets/Scripts/LogInSystem/PlayerCurrency.cs using Guid(be5c7e77df6a8654b80c6a2243b57a0f) Importer(815301076,1909f56bfc062723c751e8b465ee728b)  -> (artifact id: '26b70551308020fabe4949d894c99cb4') in 0.013813 seconds 
========================================================================
Received Import Request.
  Time since last request: 1.217986 seconds.
  path: Assets/Scripts/LogInSystem/PlayerGreetMenu.cs
  artifactKey: Guid(18cb0b59c88a9ef4f8c95dbe120c1fa6) Importer(815301076,1909f56bfc062723c751e8b465ee728b)
Start importing Assets/Scripts/LogInSystem/PlayerGreetMenu.cs using Guid(18cb0b59c88a9ef4f8c95dbe120c1fa6) Importer(815301076,1909f56bfc062723c751e8b465ee728b)  -> (artifact id: '12316710f14ab81c04caceece03e14ab') in 0.010342 seconds 
========================================================================
Received Import Request.
  Time since last request: 0.339272 seconds.
  path: Assets/Scripts/LogInSystem/PlayerStatsManager.cs
  artifactKey: Guid(7935dd2bec12e474e892deceba87c911) Importer(815301076,1909f56bfc062723c751e8b465ee728b)
Start importing Assets/Scripts/LogInSystem/PlayerStatsManager.cs using Guid(7935dd2bec12e474e892deceba87c911) Importer(815301076,1909f56bfc062723c751e8b465ee728b)  -> (artifact id: '985ea2fabdfbf0ec227bf85eff865e3f') in 0.010496 seconds 
========================================================================
Received Prepare
Registering precompiled user dll's ...
Registered in 0.018003 seconds.
Begin MonoManager ReloadAssembly
Symbol file LoadedFromMemory doesn't match image E:\Unity Projects\FINALE_GAMENETWORKING\Library\PackageCache\com.unity.visualscripting@1.6.1\Editor\VisualScripting.Core\Dependencies\YamlDotNet\Unity.VisualScripting.YamlDotNet.dll
Symbol file LoadedFromMemory doesn't match image E:\Unity Projects\FINALE_GAMENETWORKING\Library\PackageCache\com.unity.visualscripting@1.6.1\Editor\VisualScripting.Core\Dependencies\DotNetZip\Unity.VisualScripting.IonicZip.dll
Native extension for WindowsStandalone target not found
Refreshing native plugins compatible for Editor in 2.37 ms, found 3 plugins.
Preloading 0 native plugins for Editor in 0.00 ms.
Mono: successfully reloaded assembly
- Completed reload, in  3.322 seconds
Domain Reload Profiling:
	ReloadAssembly (3324ms)
		BeginReloadAssembly (358ms)
			ExecutionOrderSort (0ms)
			DisableScriptedObjects (13ms)
			BackupInstance (0ms)
			ReleaseScriptingObjects (0ms)
			CreateAndSetChildDomain (118ms)
		EndReloadAssembly (2832ms)
			LoadAssemblies (362ms)
			RebuildTransferFunctionScriptingTraits (0ms)
			SetupTypeCache (1185ms)
			ReleaseScriptCaches (2ms)
			RebuildScriptCaches (83ms)
			SetupLoadedEditorAssemblies (1061ms)
				LogAssemblyErrors (0ms)
				InitializePlatformSupportModulesInManaged (6ms)
				SetLoadedEditorAssemblies (1ms)
				RefreshPlugins (2ms)
				BeforeProcessingInitializeOnLoad (187ms)
				ProcessInitializeOnLoadAttributes (839ms)
				ProcessInitializeOnLoadMethodAttributes (21ms)
				AfterProcessingInitializeOnLoad (4ms)
				EditorAssembliesLoaded (1ms)
			ExecutionOrderSort2 (0ms)
			AwakeInstancesAfterBackupRestoration (32ms)
Platform modules already initialized, skipping
Refreshing native plugins compatible for Editor in 1.57 ms, found 3 plugins.
Preloading 0 native plugins for Editor in 0.00 ms.
Unloading 4613 Unused Serialized files (Serialized files now loaded: 0)
System memory in use before: 187.9 MB.
System memory in use after: 187.9 MB.

Unloading 34 unused Assets to reduce memory usage. Loaded Objects now: 5332.
Total: 5.040300 ms (FindLiveObjects: 0.608800 ms CreateObjectMapping: 0.391500 ms MarkObjects: 3.784400 ms  DeleteObjects: 0.254100 ms)

AssetImportParameters requested are different than current active one (requested -> active):
  custom:framework-win-MediaFoundation: 216162199b28c13a410421893ffa2e32 -> 
  custom:video-decoder-ogg-theora: a1e56fd34408186e4bbccfd4996cb3dc -> 
  custom:container-muxer-webm: aa71ff27fc2769a1b78a27578f13a17b -> 
  custom:container-demuxer-webm: 4f35f7cbe854078d1ac9338744f61a02 -> 
  custom:container-demuxer-ogg: 62fdf1f143b41e24485cea50d1cbac27 -> 
  custom:video-encoder-webm-vp8: eb34c28f22e8b96e1ab97ce403110664 -> 
  custom:video-decoder-webm-vp8: 9c59270c3fd7afecdb556c50c9e8de78 -> 
  custom:audio-decoder-ogg-vorbis: bf7c407c2cedff20999df2af8eb42d56 -> 
  custom:audio-encoder-webm-vorbis: bf7c407c2cedff20999df2af8eb42d56 -> 
========================================================================
Received Import Request.
  Time since last request: 789.614208 seconds.
  path: Assets/Scripts/LogInSystem/PlayerGreetMenu.cs
  artifactKey: Guid(18cb0b59c88a9ef4f8c95dbe120c1fa6) Importer(815301076,1909f56bfc062723c751e8b465ee728b)
Start importing Assets/Scripts/LogInSystem/PlayerGreetMenu.cs using Guid(18cb0b59c88a9ef4f8c95dbe120c1fa6) Importer(815301076,1909f56bfc062723c751e8b465ee728b)  -> (artifact id: '907016c8b1e97824de4ceb2e26915381') in 0.013750 seconds 
========================================================================
Received Import Request.
  Time since last request: 46.101537 seconds.
  path: Assets/Scripts/Group 3 Activity Code
  artifactKey: Guid(932266728120a5b45857329f53a028d5) Importer(815301076,1909f56bfc062723c751e8b465ee728b)
Start importing Assets/Scripts/Group 3 Activity Code using Guid(932266728120a5b45857329f53a028d5) Importer(815301076,1909f56bfc062723c751e8b465ee728b)  -> (artifact id: 'c83d1af51b61fd130e39fe92275b92c8') in 0.010850 seconds 
========================================================================
Received Import Request.
  Time since last request: 3.118085 seconds.
  path: Assets/Scripts/ModifiedPlayerPrefab
  artifactKey: Guid(880ca6dfff326744599c6e036dd48007) Importer(815301076,1909f56bfc062723c751e8b465ee728b)
Start importing Assets/Scripts/ModifiedPlayerPrefab using Guid(880ca6dfff326744599c6e036dd48007) Importer(815301076,1909f56bfc062723c751e8b465ee728b)  -> (artifact id: 'c3ef55d833108dd12cefb3c2d4e1bd54') in 0.009709 seconds 
========================================================================
Received Import Request.
  Time since last request: 0.329478 seconds.
  path: Assets/Scripts/ModifiedPlayerPrefab/Player.prefab
  artifactKey: Guid(51fc127cf78cf76479dc033ad8095c72) Importer(815301076,1909f56bfc062723c751e8b465ee728b)
Start importing Assets/Scripts/ModifiedPlayerPrefab/Player.prefab using Guid(51fc127cf78cf76479dc033ad8095c72) Importer(815301076,1909f56bfc062723c751e8b465ee728b)  -> (artifact id: 'c801604ec5529124ca8763b796b7b296') in 0.305992 seconds 
========================================================================
Received Import Request.
  Time since last request: 1.970765 seconds.
  path: Assets/Scripts/LogInSystem
  artifactKey: Guid(82a61510e5cd9a346ad15213d9b1ca69) Importer(815301076,1909f56bfc062723c751e8b465ee728b)
Start importing Assets/Scripts/LogInSystem using Guid(82a61510e5cd9a346ad15213d9b1ca69) Importer(815301076,1909f56bfc062723c751e8b465ee728b)  -> (artifact id: 'b649d0cf6c8577afe8bc5646be07c15a') in 0.011000 seconds 
========================================================================
Received Import Request.
  Time since last request: 29.722150 seconds.
  path: Assets/Photon/PhotonUnityNetworking/Resources/PhotonServerSettings.asset
  artifactKey: Guid(d402d105743d5474da93c1a34ec6aa38) Importer(815301076,1909f56bfc062723c751e8b465ee728b)
Start importing Assets/Photon/PhotonUnityNetworking/Resources/PhotonServerSettings.asset using Guid(d402d105743d5474da93c1a34ec6aa38) Importer(815301076,1909f56bfc062723c751e8b465ee728b)  -> (artifact id: '89bf2eb21776f25dded8af166caaf3d2') in 0.012775 seconds 
========================================================================
Received Import Request.
  Time since last request: 13.235331 seconds.
  path: Assets/Scenes/Finals Playfab Online Scene/MenuScene.unity
  artifactKey: Guid(7f9d7e395ff1fcf479c8d45431025f13) Importer(815301076,1909f56bfc062723c751e8b465ee728b)
Start importing Assets/Scenes/Finals Playfab Online Scene/MenuScene.unity using Guid(7f9d7e395ff1fcf479c8d45431025f13) Importer(815301076,1909f56bfc062723c751e8b465ee728b)  -> (artifact id: '30fe3bb10112d407c8c4503dfd28697b') in 0.010120 seconds 
========================================================================
Received Import Request.
  Time since last request: 3.149459 seconds.
  path: Assets/Scenes/Finals Playfab Online Scene/LoginScene.unity
  artifactKey: Guid(d690dd28628875043b23d719a8e7c3b2) Importer(815301076,1909f56bfc062723c751e8b465ee728b)
Start importing Assets/Scenes/Finals Playfab Online Scene/LoginScene.unity using Guid(d690dd28628875043b23d719a8e7c3b2) Importer(815301076,1909f56bfc062723c751e8b465ee728b)  -> (artifact id: '28d50e3d72479f39665e158921064a61') in 0.010133 seconds 
========================================================================
Received Prepare
Registering precompiled user dll's ...
Registered in 0.016798 seconds.
Begin MonoManager ReloadAssembly
Symbol file LoadedFromMemory doesn't match image E:\Unity Projects\FINALE_GAMENETWORKING\Library\PackageCache\com.unity.visualscripting@1.6.1\Editor\VisualScripting.Core\Dependencies\YamlDotNet\Unity.VisualScripting.YamlDotNet.dll
Symbol file LoadedFromMemory doesn't match image E:\Unity Projects\FINALE_GAMENETWORKING\Library\PackageCache\com.unity.visualscripting@1.6.1\Editor\VisualScripting.Core\Dependencies\DotNetZip\Unity.VisualScripting.IonicZip.dll
Native extension for WindowsStandalone target not found
Refreshing native plugins compatible for Editor in 1.39 ms, found 3 plugins.
Preloading 0 native plugins for Editor in 0.00 ms.
Mono: successfully reloaded assembly
- Completed reload, in  2.128 seconds
Domain Reload Profiling:
	ReloadAssembly (2129ms)
		BeginReloadAssembly (188ms)
			ExecutionOrderSort (0ms)
			DisableScriptedObjects (10ms)
			BackupInstance (0ms)
			ReleaseScriptingObjects (0ms)
			CreateAndSetChildDomain (60ms)
		EndReloadAssembly (1867ms)
			LoadAssemblies (194ms)
			RebuildTransferFunctionScriptingTraits (0ms)
			SetupTypeCache (648ms)
			ReleaseScriptCaches (2ms)
			RebuildScriptCaches (70ms)
			SetupLoadedEditorAssemblies (798ms)
				LogAssemblyErrors (0ms)
				InitializePlatformSupportModulesInManaged (5ms)
				SetLoadedEditorAssemblies (1ms)
				RefreshPlugins (1ms)
				BeforeProcessingInitializeOnLoad (141ms)
				ProcessInitializeOnLoadAttributes (633ms)
				ProcessInitializeOnLoadMethodAttributes (14ms)
				AfterProcessingInitializeOnLoad (3ms)
				EditorAssembliesLoaded (1ms)
			ExecutionOrderSort2 (0ms)
			AwakeInstancesAfterBackupRestoration (20ms)
Platform modules already initialized, skipping
Refreshing native plugins compatible for Editor in 1.41 ms, found 3 plugins.
Preloading 0 native plugins for Editor in 0.00 ms.
Unloading 4613 Unused Serialized files (Serialized files now loaded: 0)
System memory in use before: 201.3 MB.
System memory in use after: 201.3 MB.

Unloading 34 unused Assets to reduce memory usage. Loaded Objects now: 5374.
Total: 5.191800 ms (FindLiveObjects: 0.480700 ms CreateObjectMapping: 0.248800 ms MarkObjects: 4.225100 ms  DeleteObjects: 0.235900 ms)

AssetImportParameters requested are different than current active one (requested -> active):
  custom:framework-win-MediaFoundation: 216162199b28c13a410421893ffa2e32 -> 
  custom:video-decoder-ogg-theora: a1e56fd34408186e4bbccfd4996cb3dc -> 
  custom:container-muxer-webm: aa71ff27fc2769a1b78a27578f13a17b -> 
  custom:container-demuxer-webm: 4f35f7cbe854078d1ac9338744f61a02 -> 
  custom:container-demuxer-ogg: 62fdf1f143b41e24485cea50d1cbac27 -> 
  custom:video-encoder-webm-vp8: eb34c28f22e8b96e1ab97ce403110664 -> 
  custom:video-decoder-webm-vp8: 9c59270c3fd7afecdb556c50c9e8de78 -> 
  custom:audio-decoder-ogg-vorbis: bf7c407c2cedff20999df2af8eb42d56 -> 
  custom:audio-encoder-webm-vorbis: bf7c407c2cedff20999df2af8eb42d56 -> 
========================================================================
Received Prepare
Registering precompiled user dll's ...
Registered in 0.016385 seconds.
Begin MonoManager ReloadAssembly
Symbol file LoadedFromMemory doesn't match image E:\Unity Projects\FINALE_GAMENETWORKING\Library\PackageCache\com.unity.visualscripting@1.6.1\Editor\VisualScripting.Core\Dependencies\YamlDotNet\Unity.VisualScripting.YamlDotNet.dll
Symbol file LoadedFromMemory doesn't match image E:\Unity Projects\FINALE_GAMENETWORKING\Library\PackageCache\com.unity.visualscripting@1.6.1\Editor\VisualScripting.Core\Dependencies\DotNetZip\Unity.VisualScripting.IonicZip.dll
Native extension for WindowsStandalone target not found
Refreshing native plugins compatible for Editor in 1.41 ms, found 3 plugins.
Preloading 0 native plugins for Editor in 0.00 ms.
Mono: successfully reloaded assembly
- Completed reload, in  1.992 seconds
Domain Reload Profiling:
	ReloadAssembly (1992ms)
		BeginReloadAssembly (177ms)
			ExecutionOrderSort (0ms)
			DisableScriptedObjects (6ms)
			BackupInstance (0ms)
			ReleaseScriptingObjects (0ms)
			CreateAndSetChildDomain (53ms)
		EndReloadAssembly (1743ms)
			LoadAssemblies (195ms)
			RebuildTransferFunctionScriptingTraits (0ms)
			SetupTypeCache (571ms)
			ReleaseScriptCaches (2ms)
			RebuildScriptCaches (61ms)
			SetupLoadedEditorAssemblies (766ms)
				LogAssemblyErrors (0ms)
				InitializePlatformSupportModulesInManaged (5ms)
				SetLoadedEditorAssemblies (1ms)
				RefreshPlugins (2ms)
				BeforeProcessingInitializeOnLoad (138ms)
				ProcessInitializeOnLoadAttributes (604ms)
				ProcessInitializeOnLoadMethodAttributes (14ms)
				AfterProcessingInitializeOnLoad (3ms)
				EditorAssembliesLoaded (1ms)
			ExecutionOrderSort2 (0ms)
			AwakeInstancesAfterBackupRestoration (18ms)
Platform modules already initialized, skipping
Refreshing native plugins compatible for Editor in 1.33 ms, found 3 plugins.
Preloading 0 native plugins for Editor in 0.00 ms.
Unloading 4613 Unused Serialized files (Serialized files now loaded: 0)
System memory in use before: 201.5 MB.
System memory in use after: 201.5 MB.

Unloading 34 unused Assets to reduce memory usage. Loaded Objects now: 5379.
Total: 5.042800 ms (FindLiveObjects: 0.427200 ms CreateObjectMapping: 0.243500 ms MarkObjects: 4.112800 ms  DeleteObjects: 0.258600 ms)

AssetImportParameters requested are different than current active one (requested -> active):
  custom:framework-win-MediaFoundation: 216162199b28c13a410421893ffa2e32 -> 
  custom:video-decoder-ogg-theora: a1e56fd34408186e4bbccfd4996cb3dc -> 
  custom:container-muxer-webm: aa71ff27fc2769a1b78a27578f13a17b -> 
  custom:container-demuxer-webm: 4f35f7cbe854078d1ac9338744f61a02 -> 
  custom:container-demuxer-ogg: 62fdf1f143b41e24485cea50d1cbac27 -> 
  custom:video-encoder-webm-vp8: eb34c28f22e8b96e1ab97ce403110664 -> 
  custom:video-decoder-webm-vp8: 9c59270c3fd7afecdb556c50c9e8de78 -> 
  custom:audio-decoder-ogg-vorbis: bf7c407c2cedff20999df2af8eb42d56 -> 
  custom:audio-encoder-webm-vorbis: bf7c407c2cedff20999df2af8eb42d56 -> 
========================================================================
Received Import Request.
  Time since last request: 544.061420 seconds.
  path: Assets/Scenes/Finals Playfab Online Scene/MenuScene.unity
  artifactKey: Guid(7f9d7e395ff1fcf479c8d45431025f13) Importer(815301076,1909f56bfc062723c751e8b465ee728b)
Start importing Assets/Scenes/Finals Playfab Online Scene/MenuScene.unity using Guid(7f9d7e395ff1fcf479c8d45431025f13) Importer(815301076,1909f56bfc062723c751e8b465ee728b)  -> (artifact id: '15814f617439071904eefa181ab8c535') in 0.013936 seconds 
========================================================================
Received Prepare
Registering precompiled user dll's ...
Registered in 0.022724 seconds.
Begin MonoManager ReloadAssembly
Symbol file LoadedFromMemory doesn't match image E:\Unity Projects\FINALE_GAMENETWORKING\Library\PackageCache\com.unity.visualscripting@1.6.1\Editor\VisualScripting.Core\Dependencies\YamlDotNet\Unity.VisualScripting.YamlDotNet.dll
Symbol file LoadedFromMemory doesn't match image E:\Unity Projects\FINALE_GAMENETWORKING\Library\PackageCache\com.unity.visualscripting@1.6.1\Editor\VisualScripting.Core\Dependencies\DotNetZip\Unity.VisualScripting.IonicZip.dll
Native extension for WindowsStandalone target not found
Refreshing native plugins compatible for Editor in 2.96 ms, found 3 plugins.
Preloading 0 native plugins for Editor in 0.00 ms.
Mono: successfully reloaded assembly
- Completed reload, in  3.011 seconds
Domain Reload Profiling:
	ReloadAssembly (3012ms)
		BeginReloadAssembly (275ms)
			ExecutionOrderSort (0ms)
			DisableScriptedObjects (13ms)
			BackupInstance (0ms)
			ReleaseScriptingObjects (0ms)
			CreateAndSetChildDomain (84ms)
		EndReloadAssembly (2626ms)
			LoadAssemblies (293ms)
			RebuildTransferFunctionScriptingTraits (0ms)
			SetupTypeCache (889ms)
			ReleaseScriptCaches (4ms)
			RebuildScriptCaches (96ms)
			SetupLoadedEditorAssemblies (1125ms)
				LogAssemblyErrors (0ms)
				InitializePlatformSupportModulesInManaged (5ms)
				SetLoadedEditorAssemblies (1ms)
				RefreshPlugins (3ms)
				BeforeProcessingInitializeOnLoad (208ms)
				ProcessInitializeOnLoadAttributes (878ms)
				ProcessInitializeOnLoadMethodAttributes (23ms)
				AfterProcessingInitializeOnLoad (6ms)
				EditorAssembliesLoaded (1ms)
			ExecutionOrderSort2 (0ms)
			AwakeInstancesAfterBackupRestoration (26ms)
Platform modules already initialized, skipping
Refreshing native plugins compatible for Editor in 1.99 ms, found 3 plugins.
Preloading 0 native plugins for Editor in 0.00 ms.
Unloading 4613 Unused Serialized files (Serialized files now loaded: 0)
System memory in use before: 201.5 MB.
System memory in use after: 201.5 MB.

Unloading 34 unused Assets to reduce memory usage. Loaded Objects now: 5384.
Total: 6.994800 ms (FindLiveObjects: 0.982700 ms CreateObjectMapping: 0.515100 ms MarkObjects: 5.216900 ms  DeleteObjects: 0.278600 ms)

AssetImportParameters requested are different than current active one (requested -> active):
  custom:framework-win-MediaFoundation: 216162199b28c13a410421893ffa2e32 -> 
  custom:video-decoder-ogg-theora: a1e56fd34408186e4bbccfd4996cb3dc -> 
  custom:container-muxer-webm: aa71ff27fc2769a1b78a27578f13a17b -> 
  custom:container-demuxer-webm: 4f35f7cbe854078d1ac9338744f61a02 -> 
  custom:container-demuxer-ogg: 62fdf1f143b41e24485cea50d1cbac27 -> 
  custom:video-encoder-webm-vp8: eb34c28f22e8b96e1ab97ce403110664 -> 
  custom:video-decoder-webm-vp8: 9c59270c3fd7afecdb556c50c9e8de78 -> 
  custom:audio-decoder-ogg-vorbis: bf7c407c2cedff20999df2af8eb42d56 -> 
  custom:audio-encoder-webm-vorbis: bf7c407c2cedff20999df2af8eb42d56 -> 
AssetImportWorkerClient::OnTransportError - code=2 error=End of file
