Using pre-set license
Built from '2020.3/staging' branch; Version is '2020.3.45f1 (660cd1701bd5) revision 6687953'; Using compiler version '192528614'; Build Type 'Release'
OS: 'Windows 10  (10.0.19044) 64bit Professional' Language: 'en' Physical Memory: 24509 MB
BatchMode: 1, IsHumanControllingUs: 0, StartBugReporterOnCrash: 0, Is64bit: 1, IsPro: 0

COMMAND LINE ARGUMENTS:
E:\Program Files (x86)\Unity\2020.3.45f1\Editor\Unity.exe
-adb2
-batchMode
-noUpm
-name
AssetImportWorker0
-projectPath
E:/Unity Projects/FINALE_GAMENETWORKING
-logFile
Logs/AssetImportWorker0.log
-srvPort
54344
Successfully changed project path to: E:/Unity Projects/FINALE_GAMENETWORKING
E:/Unity Projects/FINALE_GAMENETWORKING
Using Asset Import Pipeline V2.
Player connection [34540] Host "[IP] 192.168.100.7 [Port] 2953007328 [Flags] 2 [Guid] 664003418 [EditorId] 664003418 [Version] 1048832 [Id] WindowsEditor(7,Shawarat) [Debug] 1 [PackageName] WindowsEditor [ProjectName] Editor" joined multi-casting on [225.0.0.222:54997]...

Player connection [34540] Host "[IP] 192.168.100.7 [Port] 2953007328 [Flags] 2 [Guid] 664003418 [EditorId] 664003418 [Version] 1048832 [Id] WindowsEditor(7,Shawarat) [Debug] 1 [PackageName] WindowsEditor [ProjectName] Editor" joined alternative multi-casting on [225.0.0.222:34997]...

Refreshing native plugins compatible for Editor in 219.82 ms, found 3 plugins.
Preloading 0 native plugins for Editor in 0.00 ms.
Initialize engine version: 2020.3.45f1 (660cd1701bd5)
[Subsystems] Discovering subsystems at path E:/Program Files (x86)/Unity/2020.3.45f1/Editor/Data/Resources/UnitySubsystems
[Subsystems] Discovering subsystems at path E:/Unity Projects/FINALE_GAMENETWORKING/Assets
GfxDevice: creating device client; threaded=0
Direct3D:
    Version:  Direct3D 11.0 [level 11.1]
    Renderer: NVIDIA GeForce GTX 1070 (ID=0x1b81)
    Vendor:   
    VRAM:     8081 MB
    Driver:   31.0.15.3168
Initialize mono
Mono path[0] = 'E:/Program Files (x86)/Unity/2020.3.45f1/Editor/Data/Managed'
Mono path[1] = 'E:/Program Files (x86)/Unity/2020.3.45f1/Editor/Data/MonoBleedingEdge/lib/mono/unityjit'
Mono config path = 'E:/Program Files (x86)/Unity/2020.3.45f1/Editor/Data/MonoBleedingEdge/etc'
Using monoOptions --debugger-agent=transport=dt_socket,embedding=1,server=y,suspend=n,address=127.0.0.1:56836
Begin MonoManager ReloadAssembly
Registering precompiled unity dll's ...
Register platform support module: E:/Program Files (x86)/Unity/2020.3.45f1/Editor/Data/PlaybackEngines/WindowsStandaloneSupport/UnityEditor.WindowsStandalone.Extensions.dll
Registered in 0.001898 seconds.
Native extension for WindowsStandalone target not found
Refreshing native plugins compatible for Editor in 200.74 ms, found 3 plugins.
Preloading 0 native plugins for Editor in 0.00 ms.
Mono: successfully reloaded assembly
- Completed reload, in  0.963 seconds
Domain Reload Profiling:
	ReloadAssembly (964ms)
		BeginReloadAssembly (109ms)
			ExecutionOrderSort (0ms)
			DisableScriptedObjects (0ms)
			BackupInstance (0ms)
			ReleaseScriptingObjects (0ms)
			CreateAndSetChildDomain (1ms)
		EndReloadAssembly (763ms)
			LoadAssemblies (108ms)
			RebuildTransferFunctionScriptingTraits (0ms)
			SetupTypeCache (215ms)
			ReleaseScriptCaches (0ms)
			RebuildScriptCaches (43ms)
			SetupLoadedEditorAssemblies (376ms)
				LogAssemblyErrors (0ms)
				InitializePlatformSupportModulesInManaged (6ms)
				SetLoadedEditorAssemblies (0ms)
				RefreshPlugins (201ms)
				BeforeProcessingInitializeOnLoad (19ms)
				ProcessInitializeOnLoadAttributes (111ms)
				ProcessInitializeOnLoadMethodAttributes (38ms)
				AfterProcessingInitializeOnLoad (0ms)
				EditorAssembliesLoaded (0ms)
			ExecutionOrderSort2 (0ms)
			AwakeInstancesAfterBackupRestoration (0ms)
Platform modules already initialized, skipping
Registering precompiled user dll's ...
Registered in 0.017027 seconds.
Begin MonoManager ReloadAssembly
Symbol file LoadedFromMemory doesn't match image E:\Unity Projects\FINALE_GAMENETWORKING\Library\PackageCache\com.unity.visualscripting@1.6.1\Editor\VisualScripting.Core\Dependencies\YamlDotNet\Unity.VisualScripting.YamlDotNet.dll
Symbol file LoadedFromMemory doesn't match image E:\Unity Projects\FINALE_GAMENETWORKING\Library\PackageCache\com.unity.visualscripting@1.6.1\Editor\VisualScripting.Core\Dependencies\DotNetZip\Unity.VisualScripting.IonicZip.dll
Native extension for WindowsStandalone target not found
Refreshing native plugins compatible for Editor in 186.08 ms, found 3 plugins.
Preloading 0 native plugins for Editor in 0.00 ms.
Mono: successfully reloaded assembly
- Completed reload, in  2.512 seconds
Domain Reload Profiling:
	ReloadAssembly (2514ms)
		BeginReloadAssembly (240ms)
			ExecutionOrderSort (0ms)
			DisableScriptedObjects (6ms)
			BackupInstance (0ms)
			ReleaseScriptingObjects (0ms)
			CreateAndSetChildDomain (29ms)
		EndReloadAssembly (2192ms)
			LoadAssemblies (218ms)
			RebuildTransferFunctionScriptingTraits (0ms)
			SetupTypeCache (715ms)
			ReleaseScriptCaches (1ms)
			RebuildScriptCaches (92ms)
			SetupLoadedEditorAssemblies (1053ms)
				LogAssemblyErrors (0ms)
				InitializePlatformSupportModulesInManaged (4ms)
				SetLoadedEditorAssemblies (0ms)
				RefreshPlugins (186ms)
				BeforeProcessingInitializeOnLoad (165ms)
				ProcessInitializeOnLoadAttributes (678ms)
				ProcessInitializeOnLoadMethodAttributes (16ms)
				AfterProcessingInitializeOnLoad (3ms)
				EditorAssembliesLoaded (0ms)
			ExecutionOrderSort2 (0ms)
			AwakeInstancesAfterBackupRestoration (2ms)
Platform modules already initialized, skipping
========================================================================
Worker process is ready to serve import requests
Launched and connected shader compiler UnityShaderCompiler.exe after 0.13 seconds
Refreshing native plugins compatible for Editor in 1.45 ms, found 3 plugins.
Preloading 0 native plugins for Editor in 0.00 ms.
Unloading 4732 Unused Serialized files (Serialized files now loaded: 0)
System memory in use before: 189.2 MB.
System memory in use after: 189.2 MB.

Unloading 40 unused Assets to reduce memory usage. Loaded Objects now: 5157.
Total: 6.559600 ms (FindLiveObjects: 0.389300 ms CreateObjectMapping: 0.313300 ms MarkObjects: 5.585500 ms  DeleteObjects: 0.270000 ms)

AssetImportParameters requested are different than current active one (requested -> active):
  custom:framework-win-MediaFoundation: 216162199b28c13a410421893ffa2e32 -> 
  custom:video-decoder-ogg-theora: a1e56fd34408186e4bbccfd4996cb3dc -> 
  custom:container-muxer-webm: aa71ff27fc2769a1b78a27578f13a17b -> 
  custom:container-demuxer-webm: 4f35f7cbe854078d1ac9338744f61a02 -> 
  custom:container-demuxer-ogg: 62fdf1f143b41e24485cea50d1cbac27 -> 
  custom:video-encoder-webm-vp8: eb34c28f22e8b96e1ab97ce403110664 -> 
  custom:video-decoder-webm-vp8: 9c59270c3fd7afecdb556c50c9e8de78 -> 
  custom:audio-decoder-ogg-vorbis: bf7c407c2cedff20999df2af8eb42d56 -> 
  custom:audio-encoder-webm-vorbis: bf7c407c2cedff20999df2af8eb42d56 -> 
========================================================================
Received Import Request.
  path: Assets/Prefabs/TestingObstacle.prefab
  artifactKey: Guid(ba1726e82e39570429e15d24af05aba7) Importer(815301076,1909f56bfc062723c751e8b465ee728b)
Start importing Assets/Prefabs/TestingObstacle.prefab using Guid(ba1726e82e39570429e15d24af05aba7) Importer(815301076,1909f56bfc062723c751e8b465ee728b)  -> (artifact id: '2e88680d7042a1449435be866cf6828a') in 0.331034 seconds 
========================================================================
Received Import Request.
  Time since last request: 0.000429 seconds.
  path: Assets/Prefabs/LRSpinningObstacles.prefab
  artifactKey: Guid(edd0e715e94567d458b6e89d152590bc) Importer(815301076,1909f56bfc062723c751e8b465ee728b)
Start importing Assets/Prefabs/LRSpinningObstacles.prefab using Guid(edd0e715e94567d458b6e89d152590bc) Importer(815301076,1909f56bfc062723c751e8b465ee728b)  -> (artifact id: '3d1b74876fd6433b3e2ae08d29d1f021') in 0.012933 seconds 
========================================================================
Received Import Request.
  Time since last request: 0.000375 seconds.
  path: Assets/Prefabs/Obstacle_4.prefab
  artifactKey: Guid(c21a7a2dabed8c741b3acce0773cf0bd) Importer(815301076,1909f56bfc062723c751e8b465ee728b)
Start importing Assets/Prefabs/Obstacle_4.prefab using Guid(c21a7a2dabed8c741b3acce0773cf0bd) Importer(815301076,1909f56bfc062723c751e8b465ee728b)  -> (artifact id: '118621e8d90e5988cbc42c6226345d27') in 0.012620 seconds 
========================================================================
Received Import Request.
  Time since last request: 0.000341 seconds.
  path: Assets/Prefabs/coinbase.prefab
  artifactKey: Guid(8412e37bdb7fd7346b604c19c889feaa) Importer(815301076,1909f56bfc062723c751e8b465ee728b)
Start importing Assets/Prefabs/coinbase.prefab using Guid(8412e37bdb7fd7346b604c19c889feaa) Importer(815301076,1909f56bfc062723c751e8b465ee728b)  -> (artifact id: '296ed21f27402340f0eb22f86b531e51') in 0.021276 seconds 
========================================================================
Received Import Request.
  Time since last request: 0.000587 seconds.
  path: Assets/Prefabs/Obstacle_3.prefab
  artifactKey: Guid(07485e554f4d3014f818b149b0806532) Importer(815301076,1909f56bfc062723c751e8b465ee728b)
Start importing Assets/Prefabs/Obstacle_3.prefab using Guid(07485e554f4d3014f818b149b0806532) Importer(815301076,1909f56bfc062723c751e8b465ee728b)  -> (artifact id: '72e39345a8e33e12c5a23bbd8db515ba') in 0.012254 seconds 
========================================================================
Received Import Request.
  Time since last request: 0.000354 seconds.
  path: Assets/Prefabs/Obstacle_5.prefab
  artifactKey: Guid(1180d96e9c6e413408a547f07845d2bb) Importer(815301076,1909f56bfc062723c751e8b465ee728b)
Start importing Assets/Prefabs/Obstacle_5.prefab using Guid(1180d96e9c6e413408a547f07845d2bb) Importer(815301076,1909f56bfc062723c751e8b465ee728b)  -> (artifact id: '1e55ce615b2f93535a88bfe1379242a4') in 0.011594 seconds 
========================================================================
Received Import Request.
  Time since last request: 0.000339 seconds.
  path: Assets/Prefabs/Obstacle_6.prefab
  artifactKey: Guid(763d4476e8074d640b043eb7c3452f07) Importer(815301076,1909f56bfc062723c751e8b465ee728b)
Start importing Assets/Prefabs/Obstacle_6.prefab using Guid(763d4476e8074d640b043eb7c3452f07) Importer(815301076,1909f56bfc062723c751e8b465ee728b)  -> (artifact id: 'bcda7faf61e7b7301a95eb45f5028f4c') in 0.019072 seconds 
========================================================================
Received Import Request.
  Time since last request: 0.000285 seconds.
  path: Assets/Prefabs
  artifactKey: Guid(11dea947688eb724b800058f50e32c2c) Importer(815301076,1909f56bfc062723c751e8b465ee728b)
Start importing Assets/Prefabs using Guid(11dea947688eb724b800058f50e32c2c) Importer(815301076,1909f56bfc062723c751e8b465ee728b)  -> (artifact id: '3d39e7154d7faa9072dc4b0fe8e12f0e') in 0.010800 seconds 
========================================================================
Received Import Request.
  Time since last request: 0.000280 seconds.
  path: Assets/Prefabs/Game_Net_Player_Finals.prefab
  artifactKey: Guid(05403e7a82512524c9eafc337c917398) Importer(815301076,1909f56bfc062723c751e8b465ee728b)
Start importing Assets/Prefabs/Game_Net_Player_Finals.prefab using Guid(05403e7a82512524c9eafc337c917398) Importer(815301076,1909f56bfc062723c751e8b465ee728b)  -> (artifact id: '39f47142a1013620ca7c8ff11ad4d9c9') in 0.064149 seconds 
========================================================================
Received Import Request.
  Time since last request: 0.000266 seconds.
  path: Assets/Prefabs/Obstacle_1.prefab
  artifactKey: Guid(962b7f5054007284097d8650c41f4eb9) Importer(815301076,1909f56bfc062723c751e8b465ee728b)
Start importing Assets/Prefabs/Obstacle_1.prefab using Guid(962b7f5054007284097d8650c41f4eb9) Importer(815301076,1909f56bfc062723c751e8b465ee728b)  -> (artifact id: 'd6132d762df8159cd21c0890054ceef5') in 0.015349 seconds 
========================================================================
Received Import Request.
  Time since last request: 0.000235 seconds.
  path: Assets/Prefabs/TestingObstacle2.prefab
  artifactKey: Guid(b7efd3eca609ccf44aa91742eec666ae) Importer(815301076,1909f56bfc062723c751e8b465ee728b)
Start importing Assets/Prefabs/TestingObstacle2.prefab using Guid(b7efd3eca609ccf44aa91742eec666ae) Importer(815301076,1909f56bfc062723c751e8b465ee728b)  -> (artifact id: 'b145090a5958636cb8cf7c862a12d4e9') in 0.689594 seconds 
========================================================================
Received Prepare
Refreshing native plugins compatible for Editor in 10.82 ms, found 3 plugins.
Preloading 0 native plugins for Editor in 0.00 ms.
Unloading 31 Unused Serialized files (Serialized files now loaded: 0)
System memory in use before: 111.0 MB.
System memory in use after: 111.0 MB.

Unloading 31 unused Assets to reduce memory usage. Loaded Objects now: 5234.
Total: 5.712000 ms (FindLiveObjects: 0.464400 ms CreateObjectMapping: 0.385100 ms MarkObjects: 4.632400 ms  DeleteObjects: 0.228900 ms)

AssetImportParameters requested are different than current active one (requested -> active):
  custom:framework-win-MediaFoundation: 216162199b28c13a410421893ffa2e32 -> 
  custom:video-decoder-ogg-theora: a1e56fd34408186e4bbccfd4996cb3dc -> 
  custom:container-muxer-webm: aa71ff27fc2769a1b78a27578f13a17b -> 
  custom:container-demuxer-webm: 4f35f7cbe854078d1ac9338744f61a02 -> 
  custom:container-demuxer-ogg: 62fdf1f143b41e24485cea50d1cbac27 -> 
  custom:video-encoder-webm-vp8: eb34c28f22e8b96e1ab97ce403110664 -> 
  custom:video-decoder-webm-vp8: 9c59270c3fd7afecdb556c50c9e8de78 -> 
  custom:audio-decoder-ogg-vorbis: bf7c407c2cedff20999df2af8eb42d56 -> 
  custom:audio-encoder-webm-vorbis: bf7c407c2cedff20999df2af8eb42d56 -> 
========================================================================
Received Import Request.
  Time since last request: 66.067605 seconds.
  path: Assets/Materials
  artifactKey: Guid(d0234ba368eeec9418390da711bfdad0) Importer(815301076,1909f56bfc062723c751e8b465ee728b)
Start importing Assets/Materials using Guid(d0234ba368eeec9418390da711bfdad0) Importer(815301076,1909f56bfc062723c751e8b465ee728b)  -> (artifact id: 'fa67f7aafba014bdcc74449d8eba51d0') in 0.011405 seconds 
========================================================================
Received Import Request.
  Time since last request: 0.043487 seconds.
  path: Assets/Materials/ChainSaw (3).prefab
  artifactKey: Guid(391265d28e7fdaf4b858eed2c6d6d999) Importer(815301076,1909f56bfc062723c751e8b465ee728b)
Start importing Assets/Materials/ChainSaw (3).prefab using Guid(391265d28e7fdaf4b858eed2c6d6d999) Importer(815301076,1909f56bfc062723c751e8b465ee728b)  -> (artifact id: '344217568887f1d9d354bc64ba102812') in 0.023123 seconds 
========================================================================
Received Import Request.
  Time since last request: 0.000303 seconds.
  path: Assets/Materials/Gray.mat
  artifactKey: Guid(375706827b60bed4b95e590b915c07cb) Importer(815301076,1909f56bfc062723c751e8b465ee728b)
Start importing Assets/Materials/Gray.mat using Guid(375706827b60bed4b95e590b915c07cb) Importer(815301076,1909f56bfc062723c751e8b465ee728b)  -> (artifact id: '03ee18187bf22ccc083db93be098badb') in 0.039950 seconds 
========================================================================
Received Import Request.
  Time since last request: 0.000265 seconds.
  path: Assets/Materials/Skybox_Mat.mat
  artifactKey: Guid(0ffaa0b7117ba8c47a9d05ae701d4b4d) Importer(815301076,1909f56bfc062723c751e8b465ee728b)
Start importing Assets/Materials/Skybox_Mat.mat using Guid(0ffaa0b7117ba8c47a9d05ae701d4b4d) Importer(815301076,1909f56bfc062723c751e8b465ee728b)  -> (artifact id: 'f1e587b2d9f39b4a8da249a6a8f56a44') in 0.172897 seconds 
========================================================================
Received Import Request.
  Time since last request: 0.000303 seconds.
  path: Assets/Materials/CoreSaw.mat
  artifactKey: Guid(568107abdce62f441b2aad32b1e3182d) Importer(815301076,1909f56bfc062723c751e8b465ee728b)
Start importing Assets/Materials/CoreSaw.mat using Guid(568107abdce62f441b2aad32b1e3182d) Importer(815301076,1909f56bfc062723c751e8b465ee728b)  -> (artifact id: '60e07d7a2da09fe0fa619b504422b40f') in 0.023139 seconds 
========================================================================
Received Import Request.
  Time since last request: 0.000382 seconds.
  path: Assets/Materials/Orange.mat
  artifactKey: Guid(c64ad42e0380ded488af75ec029ac51f) Importer(815301076,1909f56bfc062723c751e8b465ee728b)
Start importing Assets/Materials/Orange.mat using Guid(c64ad42e0380ded488af75ec029ac51f) Importer(815301076,1909f56bfc062723c751e8b465ee728b)  -> (artifact id: '213088000d2014e9971fb40c44381886') in 0.022256 seconds 
AssetImportWorkerClient::OnTransportError - code=2 error=End of file
